<?xml version="1.0" encoding="UTF-8"?>
<coverage generated="1708965895883" clover="3.2.0">
  <project timestamp="1708965895883" name="All files">
    <metrics statements="37" coveredstatements="37" conditionals="0" coveredconditionals="0" methods="5" coveredmethods="5" elements="42" coveredelements="42" complexity="0" loc="37" ncloc="37" packages="1" files="1" classes="1"/>
    <file name="contract.ts" path="/Users/mike/Documents/DeFi/MinaNFT/Navigators/nc2/src/contract.ts">
      <metrics statements="37" coveredstatements="37" conditionals="0" coveredconditionals="0" methods="5" coveredmethods="5"/>
      <line num="1" count="1" type="stmt"/>
      <line num="15" count="1" type="stmt"/>
      <line num="17" count="1" type="stmt"/>
      <line num="25" count="1" type="stmt"/>
      <line num="26" count="14" type="stmt"/>
      <line num="27" count="14" type="stmt"/>
      <line num="28" count="14" type="stmt"/>
      <line num="31" count="2" type="stmt"/>
      <line num="32" count="2" type="stmt"/>
      <line num="38" count="14" type="stmt"/>
      <line num="42" count="14" type="stmt"/>
      <line num="47" count="1" type="stmt"/>
      <line num="57" count="38" type="stmt"/>
      <line num="58" count="38" type="stmt"/>
      <line num="59" count="38" type="stmt"/>
      <line num="60" count="38" type="stmt"/>
      <line num="61" count="38" type="stmt"/>
      <line num="62" count="38" type="stmt"/>
      <line num="65" count="38" type="stmt"/>
      <line num="68" count="38" type="stmt"/>
      <line num="75" count="38" type="stmt"/>
      <line num="76" count="28" type="stmt"/>
      <line num="77" count="28" type="stmt"/>
      <line num="80" count="1" type="stmt"/>
      <line num="81" count="7" type="stmt"/>
      <line num="82" count="7" type="stmt"/>
      <line num="84" count="7" type="stmt"/>
      <line num="89" count="7" type="stmt"/>
      <line num="92" count="7" type="stmt"/>
      <line num="96" count="35" type="stmt"/>
      <line num="107" count="7" type="stmt"/>
      <line num="108" count="7" type="stmt"/>
      <line num="109" count="7" type="stmt"/>
      <line num="110" count="7" type="stmt"/>
      <line num="111" count="7" type="stmt"/>
      <line num="112" count="7" type="stmt"/>
      <line num="113" count="7" type="stmt"/>
    </file>
  </project>
</coverage>
