{"/Users/mike/Documents/DeFi/MinaNFT/Navigators/nc2/src/contract.ts": {"path":"/Users/mike/Documents/DeFi/MinaNFT/Navigators/nc2/src/contract.ts","statementMap":{"0":{"start":{"line":1,"column":0},"end":{"line":1,"column":null}},"1":{"start":{"line":15,"column":13},"end":{"line":15,"column":28}},"2":{"start":{"line":17,"column":0},"end":{"line":17,"column":13}},"3":{"start":{"line":26,"column":16},"end":{"line":26,"column":37}},"4":{"start":{"line":27,"column":16},"end":{"line":27,"column":45}},"5":{"start":{"line":28,"column":15},"end":{"line":28,"column":40}},"6":{"start":{"line":38,"column":2},"end":{"line":40,"column":5}},"7":{"start":{"line":42,"column":2},"end":{"line":45,"column":4}},"8":{"start":{"line":31,"column":4},"end":{"line":31,"column":23}},"9":{"start":{"line":32,"column":4},"end":{"line":35,"column":7}},"10":{"start":{"line":57,"column":19},"end":{"line":57,"column":44}},"11":{"start":{"line":58,"column":23},"end":{"line":58,"column":60}},"12":{"start":{"line":59,"column":23},"end":{"line":59,"column":68}},"13":{"start":{"line":60,"column":23},"end":{"line":60,"column":70}},"14":{"start":{"line":61,"column":23},"end":{"line":61,"column":68}},"15":{"start":{"line":62,"column":23},"end":{"line":63,"column":null}},"16":{"start":{"line":65,"column":23},"end":{"line":66,"column":null}},"17":{"start":{"line":68,"column":20},"end":{"line":73,"column":null}},"18":{"start":{"line":75,"column":4},"end":{"line":75,"column":37}},"19":{"start":{"line":76,"column":4},"end":{"line":76,"column":39}},"20":{"start":{"line":77,"column":4},"end":{"line":77,"column":44}},"21":{"start":{"line":81,"column":24},"end":{"line":81,"column":62}},"22":{"start":{"line":82,"column":4},"end":{"line":82,"column":47}},"23":{"start":{"line":84,"column":27},"end":{"line":87,"column":6}},"24":{"start":{"line":89,"column":16},"end":{"line":89,"column":46}},"25":{"start":{"line":92,"column":6},"end":{"line":105,"column":null}},"26":{"start":{"line":96,"column":10},"end":{"line":96,"column":75}},"27":{"start":{"line":107,"column":4},"end":{"line":107,"column":48}},"28":{"start":{"line":108,"column":31},"end":{"line":108,"column":77}},"29":{"start":{"line":109,"column":21},"end":{"line":109,"column":62}},"30":{"start":{"line":110,"column":4},"end":{"line":110,"column":32}},"31":{"start":{"line":111,"column":4},"end":{"line":111,"column":41}},"32":{"start":{"line":112,"column":4},"end":{"line":112,"column":35}},"33":{"start":{"line":113,"column":4},"end":{"line":113,"column":50}},"34":{"start":{"line":25,"column":0},"end":{"line":25,"column":13}},"35":{"start":{"line":26,"column":16},"end":{"line":26,"column":null}},"36":{"start":{"line":27,"column":16},"end":{"line":27,"column":null}},"37":{"start":{"line":28,"column":15},"end":{"line":28,"column":null}},"38":{"start":{"line":47,"column":10},"end":{"line":78,"column":null}},"39":{"start":{"line":80,"column":10},"end":{"line":114,"column":null}}},"fnMap":{"0":{"name":"(anonymous_2)","decl":{"start":{"line":25,"column":0},"end":{"line":25,"column":13}},"loc":{"start":{"line":25,"column":0},"end":{"line":115,"column":1}}},"1":{"name":"(anonymous_3)","decl":{"start":{"line":30,"column":2},"end":{"line":30,"column":8}},"loc":{"start":{"line":30,"column":25},"end":{"line":36,"column":3}}},"2":{"name":"(anonymous_4)","decl":{"start":{"line":47,"column":10},"end":{"line":47,"column":13}},"loc":{"start":{"line":47,"column":30},"end":{"line":78,"column":3}}},"3":{"name":"(anonymous_5)","decl":{"start":{"line":80,"column":10},"end":{"line":80,"column":16}},"loc":{"start":{"line":80,"column":63},"end":{"line":114,"column":3}}},"4":{"name":"(anonymous_6)","decl":{"start":{"line":95,"column":8},"end":{"line":95,"column":9}},"loc":{"start":{"line":95,"column":40},"end":{"line":97,"column":9}}}},"branchMap":{},"s":{"0":1,"1":1,"2":1,"3":14,"4":14,"5":14,"6":14,"7":14,"8":2,"9":2,"10":38,"11":38,"12":38,"13":38,"14":38,"15":38,"16":38,"17":38,"18":38,"19":28,"20":28,"21":7,"22":7,"23":7,"24":7,"25":7,"26":35,"27":7,"28":7,"29":7,"30":7,"31":7,"32":7,"33":7,"34":1,"35":1,"36":1,"37":1,"38":1,"39":1},"f":{"0":14,"1":2,"2":38,"3":7,"4":35},"b":{}}
}
