TN:
SF:src/contract.ts
FN:25,(anonymous_2)
FN:30,(anonymous_3)
FN:47,(anonymous_4)
FN:80,(anonymous_5)
FN:95,(anonymous_6)
FNF:5
FNH:5
FNDA:14,(anonymous_2)
FNDA:2,(anonymous_3)
FNDA:38,(anonymous_4)
FNDA:7,(anonymous_5)
FNDA:35,(anonymous_6)
DA:1,1
DA:15,1
DA:17,1
DA:25,1
DA:26,14
DA:27,14
DA:28,14
DA:31,2
DA:32,2
DA:38,14
DA:42,14
DA:47,1
DA:57,38
DA:58,38
DA:59,38
DA:60,38
DA:61,38
DA:62,38
DA:65,38
DA:68,38
DA:75,38
DA:76,28
DA:77,28
DA:80,1
DA:81,7
DA:82,7
DA:84,7
DA:89,7
DA:92,7
DA:96,35
DA:107,7
DA:108,7
DA:109,7
DA:110,7
DA:111,7
DA:112,7
DA:113,7
LF:37
LH:37
BRF:0
BRH:0
end_of_record
